<?xml version="1.0" encoding="UTF-8"?>
<testng-results skipped="0" failed="0" total="1" passed="1">
  <reporter-output>
  </reporter-output>
  <suite name="Default suite" duration-ms="18400" started-at="2020-11-22T14:04:13Z" finished-at="2020-11-22T14:04:32Z">
    <groups>
    </groups>
    <test name="Default test" duration-ms="18400" started-at="2020-11-22T14:04:13Z" finished-at="2020-11-22T14:04:32Z">
      <class name="scripts.MyFirstTestNGTestUsingPO">
        <test-method status="PASS" signature="beforeMethod()[pri:0, instance:scripts.MyFirstTestNGTestUsingPO@39fb3ab6]" name="beforeMethod" is-config="true" duration-ms="15971" started-at="2020-11-22T19:34:13Z" finished-at="2020-11-22T19:34:29Z">
          <reporter-output>
          </reporter-output>
        </test-method> <!-- beforeMethod -->
        <test-method status="PASS" signature="nicheThyselfLogin()[pri:0, instance:scripts.MyFirstTestNGTestUsingPO@39fb3ab6]" name="nicheThyselfLogin" duration-ms="1405" started-at="2020-11-22T19:34:29Z" finished-at="2020-11-22T19:34:31Z">
          <reporter-output>
          </reporter-output>
        </test-method> <!-- nicheThyselfLogin -->
        <test-method status="PASS" signature="afterMethod()[pri:0, instance:scripts.MyFirstTestNGTestUsingPO@39fb3ab6]" name="afterMethod" is-config="true" duration-ms="1021" started-at="2020-11-22T19:34:31Z" finished-at="2020-11-22T19:34:32Z">
          <reporter-output>
          </reporter-output>
        </test-method> <!-- afterMethod -->
      </class> <!-- scripts.MyFirstTestNGTestUsingPO -->
    </test> <!-- Default test -->
  </suite> <!-- Default suite -->
</testng-results>
